Determining if the pthread_create exist failed with the following output:
Change Dir: /home/rbtying/wkspc_Spring_2017/grasp_reachability_planning/build-graspit-Desktop-Default/CMakeFiles/CMakeTmp

Run Build Command:"/usr/bin/make" "cmTryCompileExec363484297/fast"
/usr/bin/make -f CMakeFiles/cmTryCompileExec363484297.dir/build.make CMakeFiles/cmTryCompileExec363484297.dir/build
make[1]: Entering directory `/home/rbtying/wkspc_Spring_2017/grasp_reachability_planning/build-graspit-Desktop-Default/CMakeFiles/CMakeTmp'
/usr/bin/cmake -E cmake_progress_report /home/rbtying/wkspc_Spring_2017/grasp_reachability_planning/build-graspit-Desktop-Default/CMakeFiles/CMakeTmp/CMakeFiles 1
Building C object CMakeFiles/cmTryCompileExec363484297.dir/CheckSymbolExists.c.o
/usr/bin/cc    -o CMakeFiles/cmTryCompileExec363484297.dir/CheckSymbolExists.c.o   -c /home/rbtying/wkspc_Spring_2017/grasp_reachability_planning/build-graspit-Desktop-Default/CMakeFiles/CMakeTmp/CheckSymbolExists.c
Linking C executable cmTryCompileExec363484297
/usr/bin/cmake -E cmake_link_script CMakeFiles/cmTryCompileExec363484297.dir/link.txt --verbose=1
/usr/bin/cc       CMakeFiles/cmTryCompileExec363484297.dir/CheckSymbolExists.c.o  -o cmTryCompileExec363484297 -rdynamic 
CMakeFiles/cmTryCompileExec363484297.dir/CheckSymbolExists.c.o: In function `main':
CheckSymbolExists.c:(.text+0x16): undefined reference to `pthread_create'
collect2: error: ld returned 1 exit status
make[1]: *** [cmTryCompileExec363484297] Error 1
make[1]: Leaving directory `/home/rbtying/wkspc_Spring_2017/grasp_reachability_planning/build-graspit-Desktop-Default/CMakeFiles/CMakeTmp'
make: *** [cmTryCompileExec363484297/fast] Error 2

File /home/rbtying/wkspc_Spring_2017/grasp_reachability_planning/build-graspit-Desktop-Default/CMakeFiles/CMakeTmp/CheckSymbolExists.c:
/* */
#include <pthread.h>

int main(int argc, char** argv)
{
  (void)argv;
#ifndef pthread_create
  return ((int*)(&pthread_create))[argc];
#else
  (void)argc;
  return 0;
#endif
}

Determining if the function pthread_create exists in the pthreads failed with the following output:
Change Dir: /home/rbtying/wkspc_Spring_2017/grasp_reachability_planning/build-graspit-Desktop-Default/CMakeFiles/CMakeTmp

Run Build Command:"/usr/bin/make" "cmTryCompileExec2007894154/fast"
/usr/bin/make -f CMakeFiles/cmTryCompileExec2007894154.dir/build.make CMakeFiles/cmTryCompileExec2007894154.dir/build
make[1]: Entering directory `/home/rbtying/wkspc_Spring_2017/grasp_reachability_planning/build-graspit-Desktop-Default/CMakeFiles/CMakeTmp'
/usr/bin/cmake -E cmake_progress_report /home/rbtying/wkspc_Spring_2017/grasp_reachability_planning/build-graspit-Desktop-Default/CMakeFiles/CMakeTmp/CMakeFiles 1
Building C object CMakeFiles/cmTryCompileExec2007894154.dir/CheckFunctionExists.c.o
/usr/bin/cc   -DCHECK_FUNCTION_EXISTS=pthread_create   -o CMakeFiles/cmTryCompileExec2007894154.dir/CheckFunctionExists.c.o   -c /usr/share/cmake-3.0/Modules/CheckFunctionExists.c
Linking C executable cmTryCompileExec2007894154
/usr/bin/cmake -E cmake_link_script CMakeFiles/cmTryCompileExec2007894154.dir/link.txt --verbose=1
/usr/bin/cc   -DCHECK_FUNCTION_EXISTS=pthread_create    CMakeFiles/cmTryCompileExec2007894154.dir/CheckFunctionExists.c.o  -o cmTryCompileExec2007894154 -rdynamic -lpthreads 
/usr/bin/ld: cannot find -lpthreads
collect2: error: ld returned 1 exit status
make[1]: *** [cmTryCompileExec2007894154] Error 1
make[1]: Leaving directory `/home/rbtying/wkspc_Spring_2017/grasp_reachability_planning/build-graspit-Desktop-Default/CMakeFiles/CMakeTmp'
make: *** [cmTryCompileExec2007894154/fast] Error 2


Determining if the Q_WS_WIN exist failed with the following output:
Change Dir: /home/rbtying/wkspc_Spring_2017/grasp_reachability_planning/build-graspit-Desktop-Default/CMakeFiles/CMakeTmp

Run Build Command:"/usr/bin/make" "cmTryCompileExec890929682/fast"
/usr/bin/make -f CMakeFiles/cmTryCompileExec890929682.dir/build.make CMakeFiles/cmTryCompileExec890929682.dir/build
make[1]: Entering directory `/home/rbtying/wkspc_Spring_2017/grasp_reachability_planning/build-graspit-Desktop-Default/CMakeFiles/CMakeTmp'
/usr/bin/cmake -E cmake_progress_report /home/rbtying/wkspc_Spring_2017/grasp_reachability_planning/build-graspit-Desktop-Default/CMakeFiles/CMakeTmp/CMakeFiles 1
Building CXX object CMakeFiles/cmTryCompileExec890929682.dir/CheckSymbolExists.cxx.o
/usr/bin/c++    -I/usr/include/qt4    -o CMakeFiles/cmTryCompileExec890929682.dir/CheckSymbolExists.cxx.o -c /home/rbtying/wkspc_Spring_2017/grasp_reachability_planning/build-graspit-Desktop-Default/CMakeFiles/CMakeTmp/CheckSymbolExists.cxx
/home/rbtying/wkspc_Spring_2017/grasp_reachability_planning/build-graspit-Desktop-Default/CMakeFiles/CMakeTmp/CheckSymbolExists.cxx: In function ‘int main(int, char**)’:
/home/rbtying/wkspc_Spring_2017/grasp_reachability_planning/build-graspit-Desktop-Default/CMakeFiles/CMakeTmp/CheckSymbolExists.cxx:8:19: error: ‘Q_WS_WIN’ was not declared in this scope
   return ((int*)(&Q_WS_WIN))[argc];
                   ^
make[1]: Leaving directory `/home/rbtying/wkspc_Spring_2017/grasp_reachability_planning/build-graspit-Desktop-Default/CMakeFiles/CMakeTmp'
make[1]: *** [CMakeFiles/cmTryCompileExec890929682.dir/CheckSymbolExists.cxx.o] Error 1
make: *** [cmTryCompileExec890929682/fast] Error 2

File /home/rbtying/wkspc_Spring_2017/grasp_reachability_planning/build-graspit-Desktop-Default/CMakeFiles/CMakeTmp/CheckSymbolExists.cxx:
/* */
#include <QtCore/qglobal.h>

int main(int argc, char** argv)
{
  (void)argv;
#ifndef Q_WS_WIN
  return ((int*)(&Q_WS_WIN))[argc];
#else
  (void)argc;
  return 0;
#endif
}

Determining if the Q_WS_QWS exist failed with the following output:
Change Dir: /home/rbtying/wkspc_Spring_2017/grasp_reachability_planning/build-graspit-Desktop-Default/CMakeFiles/CMakeTmp

Run Build Command:"/usr/bin/make" "cmTryCompileExec3886712178/fast"
/usr/bin/make -f CMakeFiles/cmTryCompileExec3886712178.dir/build.make CMakeFiles/cmTryCompileExec3886712178.dir/build
make[1]: Entering directory `/home/rbtying/wkspc_Spring_2017/grasp_reachability_planning/build-graspit-Desktop-Default/CMakeFiles/CMakeTmp'
/usr/bin/cmake -E cmake_progress_report /home/rbtying/wkspc_Spring_2017/grasp_reachability_planning/build-graspit-Desktop-Default/CMakeFiles/CMakeTmp/CMakeFiles 1
Building CXX object CMakeFiles/cmTryCompileExec3886712178.dir/CheckSymbolExists.cxx.o
/usr/bin/c++    -I/usr/include/qt4    -o CMakeFiles/cmTryCompileExec3886712178.dir/CheckSymbolExists.cxx.o -c /home/rbtying/wkspc_Spring_2017/grasp_reachability_planning/build-graspit-Desktop-Default/CMakeFiles/CMakeTmp/CheckSymbolExists.cxx
/home/rbtying/wkspc_Spring_2017/grasp_reachability_planning/build-graspit-Desktop-Default/CMakeFiles/CMakeTmp/CheckSymbolExists.cxx: In function ‘int main(int, char**)’:
/home/rbtying/wkspc_Spring_2017/grasp_reachability_planning/build-graspit-Desktop-Default/CMakeFiles/CMakeTmp/CheckSymbolExists.cxx:8:19: error: ‘Q_WS_QWS’ was not declared in this scope
   return ((int*)(&Q_WS_QWS))[argc];
                   ^
make[1]: Leaving directory `/home/rbtying/wkspc_Spring_2017/grasp_reachability_planning/build-graspit-Desktop-Default/CMakeFiles/CMakeTmp'
make[1]: *** [CMakeFiles/cmTryCompileExec3886712178.dir/CheckSymbolExists.cxx.o] Error 1
make: *** [cmTryCompileExec3886712178/fast] Error 2

File /home/rbtying/wkspc_Spring_2017/grasp_reachability_planning/build-graspit-Desktop-Default/CMakeFiles/CMakeTmp/CheckSymbolExists.cxx:
/* */
#include <QtCore/qglobal.h>

int main(int argc, char** argv)
{
  (void)argv;
#ifndef Q_WS_QWS
  return ((int*)(&Q_WS_QWS))[argc];
#else
  (void)argc;
  return 0;
#endif
}

Determining if the Q_WS_MAC exist failed with the following output:
Change Dir: /home/rbtying/wkspc_Spring_2017/grasp_reachability_planning/build-graspit-Desktop-Default/CMakeFiles/CMakeTmp

Run Build Command:"/usr/bin/make" "cmTryCompileExec2645386592/fast"
/usr/bin/make -f CMakeFiles/cmTryCompileExec2645386592.dir/build.make CMakeFiles/cmTryCompileExec2645386592.dir/build
make[1]: Entering directory `/home/rbtying/wkspc_Spring_2017/grasp_reachability_planning/build-graspit-Desktop-Default/CMakeFiles/CMakeTmp'
/usr/bin/cmake -E cmake_progress_report /home/rbtying/wkspc_Spring_2017/grasp_reachability_planning/build-graspit-Desktop-Default/CMakeFiles/CMakeTmp/CMakeFiles 1
Building CXX object CMakeFiles/cmTryCompileExec2645386592.dir/CheckSymbolExists.cxx.o
/usr/bin/c++    -I/usr/include/qt4    -o CMakeFiles/cmTryCompileExec2645386592.dir/CheckSymbolExists.cxx.o -c /home/rbtying/wkspc_Spring_2017/grasp_reachability_planning/build-graspit-Desktop-Default/CMakeFiles/CMakeTmp/CheckSymbolExists.cxx
/home/rbtying/wkspc_Spring_2017/grasp_reachability_planning/build-graspit-Desktop-Default/CMakeFiles/CMakeTmp/CheckSymbolExists.cxx: In function ‘int main(int, char**)’:
/home/rbtying/wkspc_Spring_2017/grasp_reachability_planning/build-graspit-Desktop-Default/CMakeFiles/CMakeTmp/CheckSymbolExists.cxx:8:19: error: ‘Q_WS_MAC’ was not declared in this scope
   return ((int*)(&Q_WS_MAC))[argc];
                   ^
make[1]: *** [CMakeFiles/cmTryCompileExec2645386592.dir/CheckSymbolExists.cxx.o] Error 1
make[1]: Leaving directory `/home/rbtying/wkspc_Spring_2017/grasp_reachability_planning/build-graspit-Desktop-Default/CMakeFiles/CMakeTmp'
make: *** [cmTryCompileExec2645386592/fast] Error 2

File /home/rbtying/wkspc_Spring_2017/grasp_reachability_planning/build-graspit-Desktop-Default/CMakeFiles/CMakeTmp/CheckSymbolExists.cxx:
/* */
#include <QtCore/qglobal.h>

int main(int argc, char** argv)
{
  (void)argv;
#ifndef Q_WS_MAC
  return ((int*)(&Q_WS_MAC))[argc];
#else
  (void)argc;
  return 0;
#endif
}

